{"name":"Runs Cucumber Feature","status":"skipped","statusDetails":{"known":false,"muted":false,"flaky":false,"message":"java.lang.IllegalArgumentException: Not a file or directory: C:\\Users\\Hp\\eclipse-workspace\\WorkShop_CucumberProject\\src\\test\\resources\\Features\\TestCases.feature","trace":"java.lang.RuntimeException: java.lang.IllegalArgumentException: Not a file or directory: C:\\Users\\Hp\\eclipse-workspace\\WorkShop_CucumberProject\\src\\test\\resources\\Features\\TestCases.feature\r\n\tat org.testng.internal.MethodInvocationHelper.invokeMethodNoCheckedException(MethodInvocationHelper.java:49)\r\n\tat org.testng.internal.MethodInvocationHelper.invokeDataProvider(MethodInvocationHelper.java:131)\r\n\tat org.testng.internal.Parameters.handleParameters(Parameters.java:706)\r\n\tat org.testng.internal.ParameterHandler.handleParameters(ParameterHandler.java:49)\r\n\tat org.testng.internal.ParameterHandler.createParameters(ParameterHandler.java:37)\r\n\tat org.testng.internal.Invoker.invokeTestMethods(Invoker.java:924)\r\n\tat org.testng.internal.TestMethodWorker.invokeTestMethods(TestMethodWorker.java:125)\r\n\tat org.testng.internal.TestMethodWorker.run(TestMethodWorker.java:109)\r\n\tat org.testng.TestRunner.privateRun(TestRunner.java:648)\r\n\tat org.testng.TestRunner.run(TestRunner.java:505)\r\n\tat org.testng.SuiteRunner.runTest(SuiteRunner.java:455)\r\n\tat org.testng.SuiteRunner.runSequentially(SuiteRunner.java:450)\r\n\tat org.testng.SuiteRunner.privateRun(SuiteRunner.java:415)\r\n\tat org.testng.SuiteRunner.run(SuiteRunner.java:364)\r\n\tat org.testng.SuiteRunnerWorker.runSuite(SuiteRunnerWorker.java:52)\r\n\tat org.testng.SuiteRunnerWorker.run(SuiteRunnerWorker.java:84)\r\n\tat org.testng.TestNG.runSuitesSequentially(TestNG.java:1208)\r\n\tat org.testng.TestNG.runSuitesLocally(TestNG.java:1137)\r\n\tat org.testng.TestNG.runSuites(TestNG.java:1049)\r\n\tat org.testng.TestNG.run(TestNG.java:1017)\r\n\tat org.testng.remote.AbstractRemoteTestNG.run(AbstractRemoteTestNG.java:115)\r\n\tat org.testng.remote.RemoteTestNG.initAndRun(RemoteTestNG.java:251)\r\n\tat org.testng.remote.RemoteTestNG.main(RemoteTestNG.java:77)\r\nCaused by: java.lang.IllegalArgumentException: Not a file or directory: C:\\Users\\Hp\\eclipse-workspace\\WorkShop_CucumberProject\\src\\test\\resources\\Features\\TestCases.feature\r\n\tat cucumber.runtime.io.FileResourceIterator$FileIterator.<init>(FileResourceIterator.java:54)\r\n\tat cucumber.runtime.io.FileResourceIterator.<init>(FileResourceIterator.java:20)\r\n\tat cucumber.runtime.io.FileResourceIterable.iterator(FileResourceIterable.java:19)\r\n\tat cucumber.runtime.model.CucumberFeature.loadFromFeaturePath(CucumberFeature.java:103)\r\n\tat cucumber.runtime.model.CucumberFeature.load(CucumberFeature.java:54)\r\n\tat cucumber.runtime.model.CucumberFeature.load(CucumberFeature.java:34)\r\n\tat cucumber.runtime.RuntimeOptions.cucumberFeatures(RuntimeOptions.java:239)\r\n\tat cucumber.api.testng.TestNGCucumberRunner.getFeatures(TestNGCucumberRunner.java:85)\r\n\tat cucumber.api.testng.TestNGCucumberRunner.provideFeatures(TestNGCucumberRunner.java:94)\r\n\tat cucumber.api.testng.AbstractTestNGCucumberTests.features(AbstractTestNGCucumberTests.java:29)\r\n\tat sun.reflect.NativeMethodAccessorImpl.invoke0(Native Method)\r\n\tat sun.reflect.NativeMethodAccessorImpl.invoke(NativeMethodAccessorImpl.java:62)\r\n\tat sun.reflect.DelegatingMethodAccessorImpl.invoke(DelegatingMethodAccessorImpl.java:43)\r\n\tat java.lang.reflect.Method.invoke(Method.java:498)\r\n\tat org.testng.internal.MethodInvocationHelper.invokeMethod(MethodInvocationHelper.java:124)\r\n\tat org.testng.internal.MethodInvocationHelper.invokeMethod(MethodInvocationHelper.java:74)\r\n\tat org.testng.internal.MethodInvocationHelper.invokeMethodNoCheckedException(MethodInvocationHelper.java:45)\r\n\t... 22 more\r\n"},"stage":"finished","steps":[],"attachments":[],"parameters":[],"start":1591428973082,"stop":1591428973089,"uuid":"0726fedc-c0e4-49b6-a717-ad37ca3e5aa9","historyId":"72e88aaf0897126ebb632de3f2c7851","fullName":"cucumber.api.testng.AbstractTestNGCucumberTests.feature","labels":[{"name":"package","value":"com.TestRunner.testrunner"},{"name":"testClass","value":"com.TestRunner.testrunner"},{"name":"testMethod","value":"feature"},{"name":"parentSuite","value":"Default suite"},{"name":"suite","value":"Default test"},{"name":"subSuite","value":"com.TestRunner.testrunner"},{"name":"host","value":"DESKTOP-G28MNR6"},{"name":"thread","value":"13964@DESKTOP-G28MNR6.main(1)"},{"name":"framework","value":"testng"},{"name":"language","value":"java"}],"links":[]}